<?xml version="1.0" encoding="UTF-8" ?>
<testsuite tests="4" failures="0" name="org.jhotdraw.draw.action.GroupingBehaviorTest" time="0.915" errors="0" skipped="0">
  <properties>
[...]
</properties>
  <testcase classname="org.jhotdraw.draw.action.GroupingBehaviorTest" name="selectingGroupFiguresAndGroupingThemResultsInJustThoseFiguresBeingGrouped" time="0.901"/>
  <testcase classname="org.jhotdraw.draw.action.GroupingBehaviorTest" name="selectingSimpleFiguresAndGroupingThemResultsInJustThoseFiguresBeingGrouped" time="0.003"/>
  <testcase classname="org.jhotdraw.draw.action.GroupingBehaviorTest" name="selectingAGroupFigureAndUngroupingItResultsInItsChildrenBeingAddedAndItselfRemovedFromTheDrawing" time="0.003"/>
  <testcase classname="org.jhotdraw.draw.action.GroupingBehaviorTest" name="selectingAnEmptyGroupFigureAndUngroupingItResultsInItBeingRemovedFromTheDrawing" time="0.008"/>
</testsuite>